  VerificaMatrizMenor.c
  VerificaMatriz.c
c:\users\wiliam lucas\documents\faculdade\students 2 business\2016\trilha testes - tfinal\projeto final\sudoku_v1.1\sudoku_juliane&wiliam_v1.1\project\verificamatriz.c(18): warning C4013: 'gets' undefined; assuming extern returning int
c:\users\wiliam lucas\documents\faculdade\students 2 business\2016\trilha testes - tfinal\projeto final\sudoku_v1.1\sudoku_juliane&wiliam_v1.1\project\verificamatriz.c(19): warning C4047: '=': 'char' differs in levels of indirection from 'char *'
c:\users\wiliam lucas\documents\faculdade\students 2 business\2016\trilha testes - tfinal\projeto final\sudoku_v1.1\sudoku_juliane&wiliam_v1.1\project\verificamatriz.c(30): warning C4047: '=': 'char' differs in levels of indirection from 'char *'
c:\users\wiliam lucas\documents\faculdade\students 2 business\2016\trilha testes - tfinal\projeto final\sudoku_v1.1\sudoku_juliane&wiliam_v1.1\project\verificamatriz.c(32): warning C4047: 'function': 'const char *' differs in levels of indirection from 'char *[5]'
c:\users\wiliam lucas\documents\faculdade\students 2 business\2016\trilha testes - tfinal\projeto final\sudoku_v1.1\sudoku_juliane&wiliam_v1.1\project\verificamatriz.c(32): warning C4024: 'atoi': different types for formal and actual parameter 1
c:\users\wiliam lucas\documents\faculdade\students 2 business\2016\trilha testes - tfinal\projeto final\sudoku_v1.1\sudoku_juliane&wiliam_v1.1\project\verificamatriz.c(43): warning C4047: '=': 'char' differs in levels of indirection from 'char *'
c:\users\wiliam lucas\documents\faculdade\students 2 business\2016\trilha testes - tfinal\projeto final\sudoku_v1.1\sudoku_juliane&wiliam_v1.1\project\verificamatriz.c(54): warning C4047: '=': 'char' differs in levels of indirection from 'char *'
c:\users\wiliam lucas\documents\faculdade\students 2 business\2016\trilha testes - tfinal\projeto final\sudoku_v1.1\sudoku_juliane&wiliam_v1.1\project\verificamatriz.c(57): warning C4047: 'function': 'const char *' differs in levels of indirection from 'char *[5]'
c:\users\wiliam lucas\documents\faculdade\students 2 business\2016\trilha testes - tfinal\projeto final\sudoku_v1.1\sudoku_juliane&wiliam_v1.1\project\verificamatriz.c(57): warning C4024: 'atoi': different types for formal and actual parameter 1
c:\users\wiliam lucas\documents\faculdade\students 2 business\2016\trilha testes - tfinal\projeto final\sudoku_v1.1\sudoku_juliane&wiliam_v1.1\project\verificamatriz.c(71): warning C4047: '=': 'char' differs in levels of indirection from 'char *'
c:\users\wiliam lucas\documents\faculdade\students 2 business\2016\trilha testes - tfinal\projeto final\sudoku_v1.1\sudoku_juliane&wiliam_v1.1\project\verificamatriz.c(83): warning C4047: '=': 'char' differs in levels of indirection from 'char *'
c:\users\wiliam lucas\documents\faculdade\students 2 business\2016\trilha testes - tfinal\projeto final\sudoku_v1.1\sudoku_juliane&wiliam_v1.1\project\verificamatriz.c(85): warning C4047: 'function': 'const char *' differs in levels of indirection from 'char *[5]'
c:\users\wiliam lucas\documents\faculdade\students 2 business\2016\trilha testes - tfinal\projeto final\sudoku_v1.1\sudoku_juliane&wiliam_v1.1\project\verificamatriz.c(85): warning C4024: 'atoi': different types for formal and actual parameter 1
c:\users\wiliam lucas\documents\faculdade\students 2 business\2016\trilha testes - tfinal\projeto final\sudoku_v1.1\sudoku_juliane&wiliam_v1.1\project\verificamatriz.c(96): warning C4047: '=': 'char' differs in levels of indirection from 'char *'
c:\users\wiliam lucas\documents\faculdade\students 2 business\2016\trilha testes - tfinal\projeto final\sudoku_v1.1\sudoku_juliane&wiliam_v1.1\project\verificamatriz.c(108): warning C4047: '=': 'char' differs in levels of indirection from 'char *'
c:\users\wiliam lucas\documents\faculdade\students 2 business\2016\trilha testes - tfinal\projeto final\sudoku_v1.1\sudoku_juliane&wiliam_v1.1\project\verificamatriz.c(110): warning C4047: 'function': 'const char *' differs in levels of indirection from 'char *[5]'
c:\users\wiliam lucas\documents\faculdade\students 2 business\2016\trilha testes - tfinal\projeto final\sudoku_v1.1\sudoku_juliane&wiliam_v1.1\project\verificamatriz.c(110): warning C4024: 'atoi': different types for formal and actual parameter 1
c:\users\wiliam lucas\documents\faculdade\students 2 business\2016\trilha testes - tfinal\projeto final\sudoku_v1.1\sudoku_juliane&wiliam_v1.1\project\verificamatriz.c(132): warning C4047: '=': 'char' differs in levels of indirection from 'char *'
c:\users\wiliam lucas\documents\faculdade\students 2 business\2016\trilha testes - tfinal\projeto final\sudoku_v1.1\sudoku_juliane&wiliam_v1.1\project\verificamatriz.c(143): warning C4047: '=': 'char' differs in levels of indirection from 'char *'
c:\users\wiliam lucas\documents\faculdade\students 2 business\2016\trilha testes - tfinal\projeto final\sudoku_v1.1\sudoku_juliane&wiliam_v1.1\project\verificamatriz.c(145): warning C4047: 'function': 'const char *' differs in levels of indirection from 'char *[5]'
c:\users\wiliam lucas\documents\faculdade\students 2 business\2016\trilha testes - tfinal\projeto final\sudoku_v1.1\sudoku_juliane&wiliam_v1.1\project\verificamatriz.c(145): warning C4024: 'atoi': different types for formal and actual parameter 1
c:\users\wiliam lucas\documents\faculdade\students 2 business\2016\trilha testes - tfinal\projeto final\sudoku_v1.1\sudoku_juliane&wiliam_v1.1\project\verificamatriz.c(150): warning C4047: '=': 'char' differs in levels of indirection from 'char *'
c:\users\wiliam lucas\documents\faculdade\students 2 business\2016\trilha testes - tfinal\projeto final\sudoku_v1.1\sudoku_juliane&wiliam_v1.1\project\verificamatriz.c(162): warning C4047: '=': 'char' differs in levels of indirection from 'char *'
c:\users\wiliam lucas\documents\faculdade\students 2 business\2016\trilha testes - tfinal\projeto final\sudoku_v1.1\sudoku_juliane&wiliam_v1.1\project\verificamatriz.c(164): warning C4047: 'function': 'const char *' differs in levels of indirection from 'char *[5]'
c:\users\wiliam lucas\documents\faculdade\students 2 business\2016\trilha testes - tfinal\projeto final\sudoku_v1.1\sudoku_juliane&wiliam_v1.1\project\verificamatriz.c(164): warning C4024: 'atoi': different types for formal and actual parameter 1
c:\users\wiliam lucas\documents\faculdade\students 2 business\2016\trilha testes - tfinal\projeto final\sudoku_v1.1\sudoku_juliane&wiliam_v1.1\project\verificamatriz.c(178): warning C4047: '=': 'char' differs in levels of indirection from 'char *'
c:\users\wiliam lucas\documents\faculdade\students 2 business\2016\trilha testes - tfinal\projeto final\sudoku_v1.1\sudoku_juliane&wiliam_v1.1\project\verificamatriz.c(189): warning C4047: '=': 'char' differs in levels of indirection from 'char *'
c:\users\wiliam lucas\documents\faculdade\students 2 business\2016\trilha testes - tfinal\projeto final\sudoku_v1.1\sudoku_juliane&wiliam_v1.1\project\verificamatriz.c(191): warning C4047: 'function': 'const char *' differs in levels of indirection from 'char *[5]'
c:\users\wiliam lucas\documents\faculdade\students 2 business\2016\trilha testes - tfinal\projeto final\sudoku_v1.1\sudoku_juliane&wiliam_v1.1\project\verificamatriz.c(191): warning C4024: 'atoi': different types for formal and actual parameter 1
c:\users\wiliam lucas\documents\faculdade\students 2 business\2016\trilha testes - tfinal\projeto final\sudoku_v1.1\sudoku_juliane&wiliam_v1.1\project\verificamatriz.c(204): warning C4047: '=': 'char' differs in levels of indirection from 'char *'
c:\users\wiliam lucas\documents\faculdade\students 2 business\2016\trilha testes - tfinal\projeto final\sudoku_v1.1\sudoku_juliane&wiliam_v1.1\project\verificamatriz.c(216): warning C4047: '=': 'char' differs in levels of indirection from 'char *'
c:\users\wiliam lucas\documents\faculdade\students 2 business\2016\trilha testes - tfinal\projeto final\sudoku_v1.1\sudoku_juliane&wiliam_v1.1\project\verificamatriz.c(219): warning C4047: 'function': 'const char *' differs in levels of indirection from 'char *[5]'
c:\users\wiliam lucas\documents\faculdade\students 2 business\2016\trilha testes - tfinal\projeto final\sudoku_v1.1\sudoku_juliane&wiliam_v1.1\project\verificamatriz.c(219): warning C4024: 'atoi': different types for formal and actual parameter 1
c:\users\wiliam lucas\documents\faculdade\students 2 business\2016\trilha testes - tfinal\projeto final\sudoku_v1.1\sudoku_juliane&wiliam_v1.1\project\verificamatriz.c(228): warning C4047: '=': 'char' differs in levels of indirection from 'char *'
c:\users\wiliam lucas\documents\faculdade\students 2 business\2016\trilha testes - tfinal\projeto final\sudoku_v1.1\sudoku_juliane&wiliam_v1.1\project\verificamatriz.c(239): warning C4047: '=': 'char' differs in levels of indirection from 'char *'
c:\users\wiliam lucas\documents\faculdade\students 2 business\2016\trilha testes - tfinal\projeto final\sudoku_v1.1\sudoku_juliane&wiliam_v1.1\project\verificamatriz.c(241): warning C4047: 'function': 'const char *' differs in levels of indirection from 'char *[5]'
c:\users\wiliam lucas\documents\faculdade\students 2 business\2016\trilha testes - tfinal\projeto final\sudoku_v1.1\sudoku_juliane&wiliam_v1.1\project\verificamatriz.c(241): warning C4024: 'atoi': different types for formal and actual parameter 1
c:\users\wiliam lucas\documents\faculdade\students 2 business\2016\trilha testes - tfinal\projeto final\sudoku_v1.1\sudoku_juliane&wiliam_v1.1\project\verificamatriz.c(254): warning C4047: '=': 'char' differs in levels of indirection from 'char *'
c:\users\wiliam lucas\documents\faculdade\students 2 business\2016\trilha testes - tfinal\projeto final\sudoku_v1.1\sudoku_juliane&wiliam_v1.1\project\verificamatriz.c(266): warning C4047: '=': 'char' differs in levels of indirection from 'char *'
c:\users\wiliam lucas\documents\faculdade\students 2 business\2016\trilha testes - tfinal\projeto final\sudoku_v1.1\sudoku_juliane&wiliam_v1.1\project\verificamatriz.c(269): warning C4047: 'function': 'const char *' differs in levels of indirection from 'char *[5]'
c:\users\wiliam lucas\documents\faculdade\students 2 business\2016\trilha testes - tfinal\projeto final\sudoku_v1.1\sudoku_juliane&wiliam_v1.1\project\verificamatriz.c(269): warning C4024: 'atoi': different types for formal and actual parameter 1
c:\users\wiliam lucas\documents\faculdade\students 2 business\2016\trilha testes - tfinal\projeto final\sudoku_v1.1\sudoku_juliane&wiliam_v1.1\project\verificamatriz.c(341): warning C4033: 'VerificaMatriz' must return a value
c:\users\wiliam lucas\documents\faculdade\students 2 business\2016\trilha testes - tfinal\projeto final\sudoku_v1.1\sudoku_juliane&wiliam_v1.1\project\verificamatriz.c(12): warning C4101: 'retMariz': unreferenced local variable
  VerificaCasasVazias.c
  TrocaLinhaVertical.c
  TrocaLinhaHorizontal.c
  TrocaColunaLinha.c
  SalvarJogo.c
c:\users\wiliam lucas\documents\faculdade\students 2 business\2016\trilha testes - tfinal\projeto final\sudoku_v1.1\sudoku_juliane&wiliam_v1.1\project\salvarjogo.c(12): warning C4996: 'fopen': This function or variable may be unsafe. Consider using fopen_s instead. To disable deprecation, use _CRT_SECURE_NO_WARNINGS. See online help for details.
  c:\program files (x86)\windows kits\10\include\10.0.10240.0\ucrt\stdio.h(205): note: see declaration of 'fopen'
c:\users\wiliam lucas\documents\faculdade\students 2 business\2016\trilha testes - tfinal\projeto final\sudoku_v1.1\sudoku_juliane&wiliam_v1.1\project\salvarjogo.c(13): warning C4996: 'fopen': This function or variable may be unsafe. Consider using fopen_s instead. To disable deprecation, use _CRT_SECURE_NO_WARNINGS. See online help for details.
  c:\program files (x86)\windows kits\10\include\10.0.10240.0\ucrt\stdio.h(205): note: see declaration of 'fopen'
  Menu.c
c:\users\wiliam lucas\documents\faculdade\students 2 business\2016\trilha testes - tfinal\projeto final\sudoku_v1.1\sudoku_juliane&wiliam_v1.1\project\menu.c(22): warning C4013: 'gets' undefined; assuming extern returning int
c:\users\wiliam lucas\documents\faculdade\students 2 business\2016\trilha testes - tfinal\projeto final\sudoku_v1.1\sudoku_juliane&wiliam_v1.1\project\menu.c(23): warning C4047: 'function': 'const char *' differs in levels of indirection from 'char *[10]'
c:\users\wiliam lucas\documents\faculdade\students 2 business\2016\trilha testes - tfinal\projeto final\sudoku_v1.1\sudoku_juliane&wiliam_v1.1\project\menu.c(23): warning C4024: 'atoi': different types for formal and actual parameter 1
c:\users\wiliam lucas\documents\faculdade\students 2 business\2016\trilha testes - tfinal\projeto final\sudoku_v1.1\sudoku_juliane&wiliam_v1.1\project\menu.c(43): warning C4047: 'function': 'const char *' differs in levels of indirection from 'char *[10]'
c:\users\wiliam lucas\documents\faculdade\students 2 business\2016\trilha testes - tfinal\projeto final\sudoku_v1.1\sudoku_juliane&wiliam_v1.1\project\menu.c(43): warning C4024: 'atoi': different types for formal and actual parameter 1
c:\users\wiliam lucas\documents\faculdade\students 2 business\2016\trilha testes - tfinal\projeto final\sudoku_v1.1\sudoku_juliane&wiliam_v1.1\project\menu.c(68): warning C4013: 'EmbaralhaMatriz' undefined; assuming extern returning int
c:\users\wiliam lucas\documents\faculdade\students 2 business\2016\trilha testes - tfinal\projeto final\sudoku_v1.1\sudoku_juliane&wiliam_v1.1\project\menu.c(72): warning C4013: 'VerificaMatriz' undefined; assuming extern returning int
c:\users\wiliam lucas\documents\faculdade\students 2 business\2016\trilha testes - tfinal\projeto final\sudoku_v1.1\sudoku_juliane&wiliam_v1.1\project\menu.c(79): warning C4013: 'ImprimeMatriz' undefined; assuming extern returning int
c:\users\wiliam lucas\documents\faculdade\students 2 business\2016\trilha testes - tfinal\projeto final\sudoku_v1.1\sudoku_juliane&wiliam_v1.1\project\menu.c(86): warning C4033: 'Menu' must return a value
c:\users\wiliam lucas\documents\faculdade\students 2 business\2016\trilha testes - tfinal\projeto final\sudoku_v1.1\sudoku_juliane&wiliam_v1.1\project\menu.c(110): warning C4013: 'AbrirJogoSalvo' undefined; assuming extern returning int
c:\users\wiliam lucas\documents\faculdade\students 2 business\2016\trilha testes - tfinal\projeto final\sudoku_v1.1\sudoku_juliane&wiliam_v1.1\project\menu.c(139): warning C4033: 'Menu' must return a value
c:\users\wiliam lucas\documents\faculdade\students 2 business\2016\trilha testes - tfinal\projeto final\sudoku_v1.1\sudoku_juliane&wiliam_v1.1\project\menu.c(166): warning C4033: 'Menu' must return a value
c:\users\wiliam lucas\documents\faculdade\students 2 business\2016\trilha testes - tfinal\projeto final\sudoku_v1.1\sudoku_juliane&wiliam_v1.1\project\menu.c(172): warning C4033: 'Menu' must return a value
c:\users\wiliam lucas\documents\faculdade\students 2 business\2016\trilha testes - tfinal\projeto final\sudoku_v1.1\sudoku_juliane&wiliam_v1.1\project\menu.c(176): warning C4033: 'Menu' must return a value
c:\users\wiliam lucas\documents\faculdade\students 2 business\2016\trilha testes - tfinal\projeto final\sudoku_v1.1\sudoku_juliane&wiliam_v1.1\project\menu.c(150): warning C4996: 'scanf': This function or variable may be unsafe. Consider using scanf_s instead. To disable deprecation, use _CRT_SECURE_NO_WARNINGS. See online help for details.
  c:\program files (x86)\windows kits\10\include\10.0.10240.0\ucrt\stdio.h(1270): note: see declaration of 'scanf'
  main.c
c:\users\wiliam lucas\documents\faculdade\students 2 business\2016\trilha testes - tfinal\projeto final\sudoku_v1.1\sudoku_juliane&wiliam_v1.1\project\main.c(25): warning C4101: 'retMatriz': unreferenced local variable
c:\users\wiliam lucas\documents\faculdade\students 2 business\2016\trilha testes - tfinal\projeto final\sudoku_v1.1\sudoku_juliane&wiliam_v1.1\project\main.c(25): warning C4101: 'x': unreferenced local variable
  ImprimeMatriz.c
  EspacosVazios.c
c:\users\wiliam lucas\documents\faculdade\students 2 business\2016\trilha testes - tfinal\projeto final\sudoku_v1.1\sudoku_juliane&wiliam_v1.1\project\espacosvazios.c(10): warning C4013: 'time' undefined; assuming extern returning int
  EmbaralhaMatrizExemplo.c
c:\users\wiliam lucas\documents\faculdade\students 2 business\2016\trilha testes - tfinal\projeto final\sudoku_v1.1\sudoku_juliane&wiliam_v1.1\project\embaralhamatrizexemplo.c(16): warning C4244: 'function': conversion from 'time_t' to 'unsigned int', possible loss of data
c:\users\wiliam lucas\documents\faculdade\students 2 business\2016\trilha testes - tfinal\projeto final\sudoku_v1.1\sudoku_juliane&wiliam_v1.1\project\embaralhamatrizexemplo.c(30): warning C4013: 'TrocaLinhaHorizontal' undefined; assuming extern returning int
  EmbaralhaMatriz.c
c:\users\wiliam lucas\documents\faculdade\students 2 business\2016\trilha testes - tfinal\projeto final\sudoku_v1.1\sudoku_juliane&wiliam_v1.1\project\embaralhamatriz.c(16): warning C4244: 'function': conversion from 'time_t' to 'unsigned int', possible loss of data
c:\users\wiliam lucas\documents\faculdade\students 2 business\2016\trilha testes - tfinal\projeto final\sudoku_v1.1\sudoku_juliane&wiliam_v1.1\project\embaralhamatriz.c(38): warning C4013: 'TrocaLinhaHorizontal' undefined; assuming extern returning int
  AbrirJogoSalvo.c
c:\users\wiliam lucas\documents\faculdade\students 2 business\2016\trilha testes - tfinal\projeto final\sudoku_v1.1\sudoku_juliane&wiliam_v1.1\project\abrirjogosalvo.c(13): warning C4996: 'fopen': This function or variable may be unsafe. Consider using fopen_s instead. To disable deprecation, use _CRT_SECURE_NO_WARNINGS. See online help for details.
  c:\program files (x86)\windows kits\10\include\10.0.10240.0\ucrt\stdio.h(205): note: see declaration of 'fopen'
c:\users\wiliam lucas\documents\faculdade\students 2 business\2016\trilha testes - tfinal\projeto final\sudoku_v1.1\sudoku_juliane&wiliam_v1.1\project\abrirjogosalvo.c(14): warning C4996: 'fopen': This function or variable may be unsafe. Consider using fopen_s instead. To disable deprecation, use _CRT_SECURE_NO_WARNINGS. See online help for details.
  c:\program files (x86)\windows kits\10\include\10.0.10240.0\ucrt\stdio.h(205): note: see declaration of 'fopen'
c:\users\wiliam lucas\documents\faculdade\students 2 business\2016\trilha testes - tfinal\projeto final\sudoku_v1.1\sudoku_juliane&wiliam_v1.1\project\abrirjogosalvo.c(27): warning C4996: 'fscanf': This function or variable may be unsafe. Consider using fscanf_s instead. To disable deprecation, use _CRT_SECURE_NO_WARNINGS. See online help for details.
  c:\program files (x86)\windows kits\10\include\10.0.10240.0\ucrt\stdio.h(1193): note: see declaration of 'fscanf'
c:\users\wiliam lucas\documents\faculdade\students 2 business\2016\trilha testes - tfinal\projeto final\sudoku_v1.1\sudoku_juliane&wiliam_v1.1\project\abrirjogosalvo.c(28): warning C4996: 'fscanf': This function or variable may be unsafe. Consider using fscanf_s instead. To disable deprecation, use _CRT_SECURE_NO_WARNINGS. See online help for details.
  c:\program files (x86)\windows kits\10\include\10.0.10240.0\ucrt\stdio.h(1193): note: see declaration of 'fscanf'
  Generating Code...
c:\users\wiliam lucas\documents\faculdade\students 2 business\2016\trilha testes - tfinal\projeto final\sudoku_v1.1\sudoku_juliane&wiliam_v1.1\project\menu.c(178): warning C4715: 'Menu': not all control paths return a value
c:\users\wiliam lucas\documents\faculdade\students 2 business\2016\trilha testes - tfinal\projeto final\sudoku_v1.1\sudoku_juliane&wiliam_v1.1\project\verificamatriz.c(342): warning C4715: 'VerificaMatriz': not all control paths return a value
  Sudoku_v1.1.vcxproj -> C:\Users\Wiliam Lucas\Documents\FACULDADE\Students 2 Business\2016\Trilha Testes - TFinal\Projeto Final\Sudoku_v1.1\Debug\Sudoku_v1.1.exe
